#
# A fatal error has been detected by the Java Runtime Environment:
#
#  EXCEPTION_ACCESS_VIOLATION (0xc0000005) at pc=0x00007fffd1a43e7f, pid=2552, tid=6284
#
# JRE version: Java(TM) SE Runtime Environment 18.9 (11.0.8+10) (build 11.0.8+10-LTS)
# Java VM: Java HotSpot(TM) 64-Bit Server VM 18.9 (11.0.8+10-LTS, mixed mode, tiered, compressed oops, g1 gc, windows-amd64)
# Problematic frame:
# V  [jvm.dll+0x653e7f]
#
# No core dump will be written. Minidumps are not enabled by default on client versions of Windows
#
# If you would like to submit a bug report, please visit:
#   https://bugreport.java.com/bugreport/crash.jsp
#

---------------  S U M M A R Y ------------

Command Line: -Dfile.encoding=UTF-8 cn.tedu.shopping.ShoppingApplication

Host: Intel(R) Core(TM) i7-3770 CPU @ 3.40GHz, 8 cores, 15G,  Windows 10 , 64 bit Build 19041 (10.0.19041.804)
Time: Sat Apr  3 16:29:29 2021 台北標準時間 elapsed time: 5 seconds (0d 0h 0m 5s)

---------------  T H R E A D  ---------------

Current thread (0x000002065c9b9800):  JavaThread "C2 CompilerThread1" daemon [_thread_in_native, id=6284, stack(0x00000027c4b00000,0x00000027c4c00000)]


Current CompileTask:
C2:   5704 3232       4       org.springframework.core.ResolvableType$1::isAssignableFrom (33 bytes)

Stack: [0x00000027c4b00000,0x00000027c4c00000],  sp=0x00000027c4bfb580,  free space=1005k
Native frames: (J=compiled Java code, j=interpreted, Vv=VM code, C=native code)
V  [jvm.dll+0x653e7f]
V  [jvm.dll+0x192fcf]
V  [jvm.dll+0x1fc3f2]
V  [jvm.dll+0x1fb49f]
V  [jvm.dll+0x17e0fc]
V  [jvm.dll+0x20aaa4]
V  [jvm.dll+0x208b7b]
V  [jvm.dll+0x6ff90c]
V  [jvm.dll+0x6f845c]
V  [jvm.dll+0x600d66]
C  [ucrtbase.dll+0x21bb2]
C  [KERNEL32.DLL+0x17034]
C  [ntdll.dll+0x52651]


siginfo: EXCEPTION_ACCESS_VIOLATION (0xc0000005), writing address 0x0000000000001933


Register to memory mapping:

RIP=0x00007fffd1a43e7f jvm.dll
RAX=0x00007fffd1bef8a0 jvm.dll
RBX=0x000002065c9518c8 points into unknown readable memory: a0 f8 be d1 ff 7f 00 00
RCX=0x000002065c9518c8 points into unknown readable memory: a0 f8 be d1 ff 7f 00 00
RDX=0x000000000000001f is an unknown value
RSP=0x00000027c4bfb580 is pointing into the stack for thread: 0x000002065c9b9800
RBP=0x00000027c4bfb680 is pointing into the stack for thread: 0x000002065c9b9800
RSI=0x0 is NULL
RDI=0x000000000000000e is an unknown value
R8 =0x0 is NULL
R9 =0x0 is NULL
R10=0x0 is NULL
R11=0x0 is NULL
R12=0x000002065ca9d7d8 points into unknown readable memory: 20 3b bf d1 ff 7f 00 00
R13=0x000000000000000d is an unknown value
R14=0x0 is NULL
R15=0x000002065c94fc18 points into unknown readable memory: d0 b4 ba d1 ff 7f 00 00


Registers:
RAX=0x00007fffd1bef8a0, RBX=0x000002065c9518c8, RCX=0x000002065c9518c8, RDX=0x000000000000001f
RSP=0x00000027c4bfb580, RBP=0x00000027c4bfb680, RSI=0x0000000000000000, RDI=0x000000000000000e
R8 =0x0000000000000000, R9 =0x0000000000000000, R10=0x0000000000000000, R11=0x0000000000000000
R12=0x000002065ca9d7d8, R13=0x000000000000000d, R14=0x0000000000000000, R15=0x000002065c94fc18
RIP=0x00007fffd1a43e7f, EFLAGS=0x0000000000010283

Top of Stack: (sp=0x00000027c4bfb580)
0x00000027c4bfb580:   0000000000000004 000000000000001a
0x00000027c4bfb590:   00007fffd1d99650 0000000000000000
0x00000027c4bfb5a0:   000002065d32dae8 00007fffd14636d5
0x00000027c4bfb5b0:   0000000000000006 000002065a9d7bb0
0x00000027c4bfb5c0:   000002065ca9c368 00000027c4bfb890
0x00000027c4bfb5d0:   00000000000003e9 00007fffd18df875
0x00000027c4bfb5e0:   000000020000000d 000002065ca9d7d8
0x00000027c4bfb5f0:   0000000900000001 0000000000000000
0x00000027c4bfb600:   0000002700000002 000002065b578e90
0x00000027c4bfb610:   000002065cb7c690 0000000e00000000
0x00000027c4bfb620:   000002065cb7c6e0 000002065cb7bd50
0x00000027c4bfb630:   000002065c94fc18 0000007f00000000
0x00000027c4bfb640:   00000027c4bfbb30 0000002700000013
0x00000027c4bfb650:   000002065cb7b5d0 000002065cb7b9d0
0x00000027c4bfb660:   000002065cb7bb90 0000000000000000
0x00000027c4bfb670:   0000000000000001 000002065cb7b7d0 

Instructions: (pc=0x00007fffd1a43e7f)
0x00007fffd1a43e5f:   44 89 6c 24 60 41 3b 7c 24 18 73 0b 49 8b 44 24
0x00007fffd1a43e6f:   20 48 8b 1c f8 eb 03 48 8b de 48 8b 03 48 8b cb
0x00007fffd1a43e7f:   ff 50 20 48 3b c3 74 05 41 2b 7c 24 48 44 3b ef
0x00007fffd1a43e8f:   0f 87 25 19 00 00 45 3b 6c 24 18 73 0e 49 8b 44 


Stack slot to memory mapping:
stack at sp + 0 slots: 0x0000000000000004 is an unknown value
stack at sp + 1 slots: 0x000000000000001a is an unknown value
stack at sp + 2 slots: 0x00007fffd1d99650 jvm.dll
stack at sp + 3 slots: 0x0 is NULL
stack at sp + 4 slots: 0x000002065d32dae8 points into unknown readable memory: f0 ad b7 d1 ff 7f 00 00
stack at sp + 5 slots: 0x00007fffd14636d5 jvm.dll
stack at sp + 6 slots: 0x0000000000000006 is an unknown value
stack at sp + 7 slots: 0x000002065a9d7bb0 points into unknown readable memory: 00 00 00 00 00 00 00 00


---------------  P R O C E S S  ---------------

Threads class SMR info:
_java_thread_list=0x000002065a9c94d0, length=15, elements={
0x000002063582e000, 0x0000020659b65000, 0x0000020659b6e800, 0x0000020659bd8800,
0x0000020659bda800, 0x0000020659bdb800, 0x0000020659bde000, 0x0000020659c59800,
0x0000020659d50800, 0x0000020659d57000, 0x000002065c9b9800, 0x000002065cbff800,
0x0000020659fda800, 0x000002065b494800, 0x000002065b495800
}

Java Threads: ( => current thread )
  0x000002063582e000 JavaThread "main" [_thread_in_Java, id=8208, stack(0x00000027c3900000,0x00000027c3a00000)]
  0x0000020659b65000 JavaThread "Reference Handler" daemon [_thread_blocked, id=10552, stack(0x00000027c4000000,0x00000027c4100000)]
  0x0000020659b6e800 JavaThread "Finalizer" daemon [_thread_blocked, id=3472, stack(0x00000027c4100000,0x00000027c4200000)]
  0x0000020659bd8800 JavaThread "Signal Dispatcher" daemon [_thread_blocked, id=2028, stack(0x00000027c4300000,0x00000027c4400000)]
  0x0000020659bda800 JavaThread "Attach Listener" daemon [_thread_blocked, id=7800, stack(0x00000027c4400000,0x00000027c4500000)]
  0x0000020659bdb800 JavaThread "C2 CompilerThread0" daemon [_thread_in_native, id=7772, stack(0x00000027c4500000,0x00000027c4600000)]
  0x0000020659bde000 JavaThread "C1 CompilerThread0" daemon [_thread_blocked, id=7688, stack(0x00000027c4600000,0x00000027c4700000)]
  0x0000020659c59800 JavaThread "Sweeper thread" daemon [_thread_blocked, id=13400, stack(0x00000027c4700000,0x00000027c4800000)]
  0x0000020659d50800 JavaThread "Service Thread" daemon [_thread_blocked, id=10144, stack(0x00000027c4800000,0x00000027c4900000)]
  0x0000020659d57000 JavaThread "Common-Cleaner" daemon [_thread_blocked, id=15296, stack(0x00000027c4a00000,0x00000027c4b00000)]
=>0x000002065c9b9800 JavaThread "C2 CompilerThread1" daemon [_thread_in_native, id=6284, stack(0x00000027c4b00000,0x00000027c4c00000)]
  0x000002065cbff800 JavaThread "C2 CompilerThread2" daemon [_thread_in_native, id=1768, stack(0x00000027c4c00000,0x00000027c4d00000)]
  0x0000020659fda800 JavaThread "Catalina-utility-1" [_thread_new, id=6000, stack(0x0000000000000000,0x0000000000000000)]
  0x000002065b494800 JavaThread "Catalina-utility-2" [_thread_new, id=6684, stack(0x0000000000000000,0x0000000000000000)]
  0x000002065b495800 JavaThread "container-0" [_thread_blocked, id=5288, stack(0x00000027c5500000,0x00000027c5600000)]

Other Threads:
  0x0000020659b43800 VMThread "VM Thread" [stack: 0x00000027c3f00000,0x00000027c4000000] [id=14924]
  0x0000020659d5d800 WatcherThread [stack: 0x00000027c4900000,0x00000027c4a00000] [id=968]
  0x0000020635843000 GCTaskThread "GC Thread#0" [stack: 0x00000027c3a00000,0x00000027c3b00000] [id=11392]
  0x000002065a84d800 GCTaskThread "GC Thread#1" [stack: 0x00000027c4d00000,0x00000027c4e00000] [id=15044]
  0x000002065aa8f000 GCTaskThread "GC Thread#2" [stack: 0x00000027c4e00000,0x00000027c4f00000] [id=1164]
  0x000002065af1b800 GCTaskThread "GC Thread#3" [stack: 0x00000027c4f00000,0x00000027c5000000] [id=1332]
  0x000002065af1c000 GCTaskThread "GC Thread#4" [stack: 0x00000027c5000000,0x00000027c5100000] [id=5128]
  0x000002065a7d1800 GCTaskThread "GC Thread#5" [stack: 0x00000027c5100000,0x00000027c5200000] [id=4088]
  0x000002063589d000 ConcurrentGCThread "G1 Main Marker" [stack: 0x00000027c3b00000,0x00000027c3c00000] [id=3812]
  0x000002063589e000 ConcurrentGCThread "G1 Conc#0" [stack: 0x00000027c3c00000,0x00000027c3d00000] [id=9272]
  0x000002065affa000 ConcurrentGCThread "G1 Conc#1" [stack: 0x00000027c5300000,0x00000027c5400000] [id=12264]
  0x00000206591a9000 ConcurrentGCThread "G1 Refine#0" [stack: 0x00000027c3d00000,0x00000027c3e00000] [id=4476]
  0x00000206591aa000 ConcurrentGCThread "G1 Young RemSet Sampling" [stack: 0x00000027c3e00000,0x00000027c3f00000] [id=7904]

Threads with active compile tasks:
C2 CompilerThread0   5764 3231   !   4       java.lang.reflect.Executable::declaredAnnotations (85 bytes)
C2 CompilerThread1   5764 3232       4       org.springframework.core.ResolvableType$1::isAssignableFrom (33 bytes)
C2 CompilerThread2   5764 3189       4       java.net.URLStreamHandler::parseURL (1201 bytes)

VM state:not at safepoint (normal execution)

VM Mutex/Monitor currently owned by a thread: None

Heap address: 0x0000000700e00000, size: 4082 MB, Compressed Oops mode: Zero based, Oop shift amount: 3
Narrow klass base: 0x0000000800000000, Narrow klass shift: 0
Compressed class space size: 1073741824 Address: 0x0000000800000000

Heap:
 garbage-first heap   total 262144K, used 56172K [0x0000000700e00000, 0x0000000800000000)
  region size 1024K, 53 young (54272K), 4 survivors (4096K)
 Metaspace       used 33256K, capacity 34125K, committed 34176K, reserved 1079296K
  class space    used 3821K, capacity 4208K, committed 4224K, reserved 1048576K
Heap Regions: E=young(eden), S=young(survivor), O=old, HS=humongous(starts), HC=humongous(continues), CS=collection set, F=free, A=archive, TAMS=top-at-mark-start (previous, next)
|   0|0x0000000700e00000, 0x0000000700f00000, 0x0000000700f00000|100%| O|  |TAMS 0x0000000700f00000, 0x0000000700e00000| Untracked 
|   1|0x0000000700f00000, 0x0000000701000000, 0x0000000701000000|100%| O|  |TAMS 0x0000000700fd3e00, 0x0000000700f00000| Untracked 
|   2|0x0000000701000000, 0x0000000701100000, 0x0000000701100000|100%| O|  |TAMS 0x0000000701000000, 0x0000000701000000| Untracked 
|   3|0x0000000701100000, 0x0000000701200000, 0x0000000701200000|100%| O|  |TAMS 0x0000000701100000, 0x0000000701100000| Untracked 
|   4|0x0000000701200000, 0x00000007012c0800, 0x0000000701300000| 75%| O|  |TAMS 0x0000000701200000, 0x0000000701200000| Untracked 
|   5|0x0000000701300000, 0x0000000701300000, 0x0000000701400000|  0%| F|  |TAMS 0x0000000701300000, 0x0000000701300000| Untracked 
|   6|0x0000000701400000, 0x0000000701400000, 0x0000000701500000|  0%| F|  |TAMS 0x0000000701400000, 0x0000000701400000| Untracked 
|   7|0x0000000701500000, 0x0000000701500000, 0x0000000701600000|  0%| F|  |TAMS 0x0000000701500000, 0x0000000701500000| Untracked 
|   8|0x0000000701600000, 0x0000000701600000, 0x0000000701700000|  0%| F|  |TAMS 0x0000000701600000, 0x0000000701600000| Untracked 
|   9|0x0000000701700000, 0x0000000701700000, 0x0000000701800000|  0%| F|  |TAMS 0x0000000701700000, 0x0000000701700000| Untracked 
|  10|0x0000000701800000, 0x0000000701800000, 0x0000000701900000|  0%| F|  |TAMS 0x0000000701800000, 0x0000000701800000| Untracked 
|  11|0x0000000701900000, 0x0000000701900000, 0x0000000701a00000|  0%| F|  |TAMS 0x0000000701900000, 0x0000000701900000| Untracked 
|  12|0x0000000701a00000, 0x0000000701a00000, 0x0000000701b00000|  0%| F|  |TAMS 0x0000000701a00000, 0x0000000701a00000| Untracked 
|  13|0x0000000701b00000, 0x0000000701b00000, 0x0000000701c00000|  0%| F|  |TAMS 0x0000000701b00000, 0x0000000701b00000| Untracked 
|  14|0x0000000701c00000, 0x0000000701c00000, 0x0000000701d00000|  0%| F|  |TAMS 0x0000000701c00000, 0x0000000701c00000| Untracked 
|  15|0x0000000701d00000, 0x0000000701d00000, 0x0000000701e00000|  0%| F|  |TAMS 0x0000000701d00000, 0x0000000701d00000| Untracked 
|  16|0x0000000701e00000, 0x0000000701e00000, 0x0000000701f00000|  0%| F|  |TAMS 0x0000000701e00000, 0x0000000701e00000| Untracked 
|  17|0x0000000701f00000, 0x0000000701f00000, 0x0000000702000000|  0%| F|  |TAMS 0x0000000701f00000, 0x0000000701f00000| Untracked 
|  18|0x0000000702000000, 0x0000000702000000, 0x0000000702100000|  0%| F|  |TAMS 0x0000000702000000, 0x0000000702000000| Untracked 
|  19|0x0000000702100000, 0x0000000702100000, 0x0000000702200000|  0%| F|  |TAMS 0x0000000702100000, 0x0000000702100000| Untracked 
|  20|0x0000000702200000, 0x0000000702200000, 0x0000000702300000|  0%| F|  |TAMS 0x0000000702200000, 0x0000000702200000| Untracked 
|  21|0x0000000702300000, 0x0000000702300000, 0x0000000702400000|  0%| F|  |TAMS 0x0000000702300000, 0x0000000702300000| Untracked 
|  22|0x0000000702400000, 0x0000000702400000, 0x0000000702500000|  0%| F|  |TAMS 0x0000000702400000, 0x0000000702400000| Untracked 
|  23|0x0000000702500000, 0x0000000702500000, 0x0000000702600000|  0%| F|  |TAMS 0x0000000702500000, 0x0000000702500000| Untracked 
|  24|0x0000000702600000, 0x0000000702600000, 0x0000000702700000|  0%| F|  |TAMS 0x0000000702600000, 0x0000000702600000| Untracked 
|  25|0x0000000702700000, 0x0000000702700000, 0x0000000702800000|  0%| F|  |TAMS 0x0000000702700000, 0x0000000702700000| Untracked 
|  26|0x0000000702800000, 0x0000000702800000, 0x0000000702900000|  0%| F|  |TAMS 0x0000000702800000, 0x0000000702800000| Untracked 
|  27|0x0000000702900000, 0x0000000702900000, 0x0000000702a00000|  0%| F|  |TAMS 0x0000000702900000, 0x0000000702900000| Untracked 
|  28|0x0000000702a00000, 0x0000000702a00000, 0x0000000702b00000|  0%| F|  |TAMS 0x0000000702a00000, 0x0000000702a00000| Untracked 
|  29|0x0000000702b00000, 0x0000000702b00000, 0x0000000702c00000|  0%| F|  |TAMS 0x0000000702b00000, 0x0000000702b00000| Untracked 
|  30|0x0000000702c00000, 0x0000000702c00000, 0x0000000702d00000|  0%| F|  |TAMS 0x0000000702c00000, 0x0000000702c00000| Untracked 
|  31|0x0000000702d00000, 0x0000000702d00000, 0x0000000702e00000|  0%| F|  |TAMS 0x0000000702d00000, 0x0000000702d00000| Untracked 
|  32|0x0000000702e00000, 0x0000000702e00000, 0x0000000702f00000|  0%| F|  |TAMS 0x0000000702e00000, 0x0000000702e00000| Untracked 
|  33|0x0000000702f00000, 0x0000000702f00000, 0x0000000703000000|  0%| F|  |TAMS 0x0000000702f00000, 0x0000000702f00000| Untracked 
|  34|0x0000000703000000, 0x0000000703000000, 0x0000000703100000|  0%| F|  |TAMS 0x0000000703000000, 0x0000000703000000| Untracked 
|  35|0x0000000703100000, 0x0000000703100000, 0x0000000703200000|  0%| F|  |TAMS 0x0000000703100000, 0x0000000703100000| Untracked 
|  36|0x0000000703200000, 0x0000000703200000, 0x0000000703300000|  0%| F|  |TAMS 0x0000000703200000, 0x0000000703200000| Untracked 
|  37|0x0000000703300000, 0x0000000703300000, 0x0000000703400000|  0%| F|  |TAMS 0x0000000703300000, 0x0000000703300000| Untracked 
|  38|0x0000000703400000, 0x0000000703400000, 0x0000000703500000|  0%| F|  |TAMS 0x0000000703400000, 0x0000000703400000| Untracked 
|  39|0x0000000703500000, 0x0000000703500000, 0x0000000703600000|  0%| F|  |TAMS 0x0000000703500000, 0x0000000703500000| Untracked 
|  40|0x0000000703600000, 0x0000000703600000, 0x0000000703700000|  0%| F|  |TAMS 0x0000000703600000, 0x0000000703600000| Untracked 
|  41|0x0000000703700000, 0x0000000703700000, 0x0000000703800000|  0%| F|  |TAMS 0x0000000703700000, 0x0000000703700000| Untracked 
|  42|0x0000000703800000, 0x0000000703800000, 0x0000000703900000|  0%| F|  |TAMS 0x0000000703800000, 0x0000000703800000| Untracked 
|  43|0x0000000703900000, 0x0000000703900000, 0x0000000703a00000|  0%| F|  |TAMS 0x0000000703900000, 0x0000000703900000| Untracked 
|  44|0x0000000703a00000, 0x0000000703a00000, 0x0000000703b00000|  0%| F|  |TAMS 0x0000000703a00000, 0x0000000703a00000| Untracked 
|  45|0x0000000703b00000, 0x0000000703b00000, 0x0000000703c00000|  0%| F|  |TAMS 0x0000000703b00000, 0x0000000703b00000| Untracked 
|  46|0x0000000703c00000, 0x0000000703c00000, 0x0000000703d00000|  0%| F|  |TAMS 0x0000000703c00000, 0x0000000703c00000| Untracked 
|  47|0x0000000703d00000, 0x0000000703d00000, 0x0000000703e00000|  0%| F|  |TAMS 0x0000000703d00000, 0x0000000703d00000| Untracked 
|  48|0x0000000703e00000, 0x0000000703e00000, 0x0000000703f00000|  0%| F|  |TAMS 0x0000000703e00000, 0x0000000703e00000| Untracked 
|  49|0x0000000703f00000, 0x0000000703f00000, 0x0000000704000000|  0%| F|  |TAMS 0x0000000703f00000, 0x0000000703f00000| Untracked 
|  50|0x0000000704000000, 0x0000000704000000, 0x0000000704100000|  0%| F|  |TAMS 0x0000000704000000, 0x0000000704000000| Untracked 
|  51|0x0000000704100000, 0x0000000704100000, 0x0000000704200000|  0%| F|  |TAMS 0x0000000704100000, 0x0000000704100000| Untracked 
|  52|0x0000000704200000, 0x0000000704200000, 0x0000000704300000|  0%| F|  |TAMS 0x0000000704200000, 0x0000000704200000| Untracked 
|  53|0x0000000704300000, 0x0000000704300000, 0x0000000704400000|  0%| F|  |TAMS 0x0000000704300000, 0x0000000704300000| Untracked 
|  54|0x0000000704400000, 0x0000000704400000, 0x0000000704500000|  0%| F|  |TAMS 0x0000000704400000, 0x0000000704400000| Untracked 
|  55|0x0000000704500000, 0x0000000704500000, 0x0000000704600000|  0%| F|  |TAMS 0x0000000704500000, 0x0000000704500000| Untracked 
|  56|0x0000000704600000, 0x0000000704600000, 0x0000000704700000|  0%| F|  |TAMS 0x0000000704600000, 0x0000000704600000| Untracked 
|  57|0x0000000704700000, 0x0000000704700000, 0x0000000704800000|  0%| F|  |TAMS 0x0000000704700000, 0x0000000704700000| Untracked 
|  58|0x0000000704800000, 0x0000000704800000, 0x0000000704900000|  0%| F|  |TAMS 0x0000000704800000, 0x0000000704800000| Untracked 
|  59|0x0000000704900000, 0x0000000704900000, 0x0000000704a00000|  0%| F|  |TAMS 0x0000000704900000, 0x0000000704900000| Untracked 
|  60|0x0000000704a00000, 0x0000000704a00000, 0x0000000704b00000|  0%| F|  |TAMS 0x0000000704a00000, 0x0000000704a00000| Untracked 
|  61|0x0000000704b00000, 0x0000000704b00000, 0x0000000704c00000|  0%| F|  |TAMS 0x0000000704b00000, 0x0000000704b00000| Untracked 
|  62|0x0000000704c00000, 0x0000000704c00000, 0x0000000704d00000|  0%| F|  |TAMS 0x0000000704c00000, 0x0000000704c00000| Untracked 
|  63|0x0000000704d00000, 0x0000000704d00000, 0x0000000704e00000|  0%| F|  |TAMS 0x0000000704d00000, 0x0000000704d00000| Untracked 
|  64|0x0000000704e00000, 0x0000000704e00000, 0x0000000704f00000|  0%| F|  |TAMS 0x0000000704e00000, 0x0000000704e00000| Untracked 
|  65|0x0000000704f00000, 0x0000000704f00000, 0x0000000705000000|  0%| F|  |TAMS 0x0000000704f00000, 0x0000000704f00000| Untracked 
|  66|0x0000000705000000, 0x0000000705000000, 0x0000000705100000|  0%| F|  |TAMS 0x0000000705000000, 0x0000000705000000| Untracked 
|  67|0x0000000705100000, 0x0000000705100000, 0x0000000705200000|  0%| F|  |TAMS 0x0000000705100000, 0x0000000705100000| Untracked 
|  68|0x0000000705200000, 0x0000000705200000, 0x0000000705300000|  0%| F|  |TAMS 0x0000000705200000, 0x0000000705200000| Untracked 
|  69|0x0000000705300000, 0x0000000705300000, 0x0000000705400000|  0%| F|  |TAMS 0x0000000705300000, 0x0000000705300000| Untracked 
|  70|0x0000000705400000, 0x0000000705400000, 0x0000000705500000|  0%| F|  |TAMS 0x0000000705400000, 0x0000000705400000| Untracked 
|  71|0x0000000705500000, 0x0000000705500000, 0x0000000705600000|  0%| F|  |TAMS 0x0000000705500000, 0x0000000705500000| Untracked 
|  72|0x0000000705600000, 0x0000000705600000, 0x0000000705700000|  0%| F|  |TAMS 0x0000000705600000, 0x0000000705600000| Untracked 
|  73|0x0000000705700000, 0x0000000705700000, 0x0000000705800000|  0%| F|  |TAMS 0x0000000705700000, 0x0000000705700000| Untracked 
|  74|0x0000000705800000, 0x0000000705800000, 0x0000000705900000|  0%| F|  |TAMS 0x0000000705800000, 0x0000000705800000| Untracked 
|  75|0x0000000705900000, 0x0000000705900000, 0x0000000705a00000|  0%| F|  |TAMS 0x0000000705900000, 0x0000000705900000| Untracked 
|  76|0x0000000705a00000, 0x0000000705a00000, 0x0000000705b00000|  0%| F|  |TAMS 0x0000000705a00000, 0x0000000705a00000| Untracked 
|  77|0x0000000705b00000, 0x0000000705b00000, 0x0000000705c00000|  0%| F|  |TAMS 0x0000000705b00000, 0x0000000705b00000| Untracked 
|  78|0x0000000705c00000, 0x0000000705c00000, 0x0000000705d00000|  0%| F|  |TAMS 0x0000000705c00000, 0x0000000705c00000| Untracked 
|  79|0x0000000705d00000, 0x0000000705d00000, 0x0000000705e00000|  0%| F|  |TAMS 0x0000000705d00000, 0x0000000705d00000| Untracked 
|  80|0x0000000705e00000, 0x0000000705e00000, 0x0000000705f00000|  0%| F|  |TAMS 0x0000000705e00000, 0x0000000705e00000| Untracked 
|  81|0x0000000705f00000, 0x0000000705f00000, 0x0000000706000000|  0%| F|  |TAMS 0x0000000705f00000, 0x0000000705f00000| Untracked 
|  82|0x0000000706000000, 0x0000000706000000, 0x0000000706100000|  0%| F|  |TAMS 0x0000000706000000, 0x0000000706000000| Untracked 
|  83|0x0000000706100000, 0x0000000706100000, 0x0000000706200000|  0%| F|  |TAMS 0x0000000706100000, 0x0000000706100000| Untracked 
|  84|0x0000000706200000, 0x0000000706200000, 0x0000000706300000|  0%| F|  |TAMS 0x0000000706200000, 0x0000000706200000| Untracked 
|  85|0x0000000706300000, 0x0000000706300000, 0x0000000706400000|  0%| F|  |TAMS 0x0000000706300000, 0x0000000706300000| Untracked 
|  86|0x0000000706400000, 0x0000000706400000, 0x0000000706500000|  0%| F|  |TAMS 0x0000000706400000, 0x0000000706400000| Untracked 
|  87|0x0000000706500000, 0x0000000706500000, 0x0000000706600000|  0%| F|  |TAMS 0x0000000706500000, 0x0000000706500000| Untracked 
|  88|0x0000000706600000, 0x0000000706600000, 0x0000000706700000|  0%| F|  |TAMS 0x0000000706600000, 0x0000000706600000| Untracked 
|  89|0x0000000706700000, 0x0000000706700000, 0x0000000706800000|  0%| F|  |TAMS 0x0000000706700000, 0x0000000706700000| Untracked 
|  90|0x0000000706800000, 0x0000000706800000, 0x0000000706900000|  0%| F|  |TAMS 0x0000000706800000, 0x0000000706800000| Untracked 
|  91|0x0000000706900000, 0x0000000706900000, 0x0000000706a00000|  0%| F|  |TAMS 0x0000000706900000, 0x0000000706900000| Untracked 
|  92|0x0000000706a00000, 0x0000000706a00000, 0x0000000706b00000|  0%| F|  |TAMS 0x0000000706a00000, 0x0000000706a00000| Untracked 
|  93|0x0000000706b00000, 0x0000000706b00000, 0x0000000706c00000|  0%| F|  |TAMS 0x0000000706b00000, 0x0000000706b00000| Untracked 
|  94|0x0000000706c00000, 0x0000000706c00000, 0x0000000706d00000|  0%| F|  |TAMS 0x0000000706c00000, 0x0000000706c00000| Untracked 
|  95|0x0000000706d00000, 0x0000000706d00000, 0x0000000706e00000|  0%| F|  |TAMS 0x0000000706d00000, 0x0000000706d00000| Untracked 
|  96|0x0000000706e00000, 0x0000000706e00000, 0x0000000706f00000|  0%| F|  |TAMS 0x0000000706e00000, 0x0000000706e00000| Untracked 
|  97|0x0000000706f00000, 0x0000000706f00000, 0x0000000707000000|  0%| F|  |TAMS 0x0000000706f00000, 0x0000000706f00000| Untracked 
|  98|0x0000000707000000, 0x0000000707000000, 0x0000000707100000|  0%| F|  |TAMS 0x0000000707000000, 0x0000000707000000| Untracked 
|  99|0x0000000707100000, 0x0000000707100000, 0x0000000707200000|  0%| F|  |TAMS 0x0000000707100000, 0x0000000707100000| Untracked 
| 100|0x0000000707200000, 0x0000000707200000, 0x0000000707300000|  0%| F|  |TAMS 0x0000000707200000, 0x0000000707200000| Untracked 
| 101|0x0000000707300000, 0x0000000707300000, 0x0000000707400000|  0%| F|  |TAMS 0x0000000707300000, 0x0000000707300000| Untracked 
| 102|0x0000000707400000, 0x0000000707400000, 0x0000000707500000|  0%| F|  |TAMS 0x0000000707400000, 0x0000000707400000| Untracked 
| 103|0x0000000707500000, 0x0000000707500000, 0x0000000707600000|  0%| F|  |TAMS 0x0000000707500000, 0x0000000707500000| Untracked 
| 104|0x0000000707600000, 0x0000000707600000, 0x0000000707700000|  0%| F|  |TAMS 0x0000000707600000, 0x0000000707600000| Untracked 
| 105|0x0000000707700000, 0x0000000707700000, 0x0000000707800000|  0%| F|  |TAMS 0x0000000707700000, 0x0000000707700000| Untracked 
| 106|0x0000000707800000, 0x0000000707800000, 0x0000000707900000|  0%| F|  |TAMS 0x0000000707800000, 0x0000000707800000| Untracked 
| 107|0x0000000707900000, 0x0000000707900000, 0x0000000707a00000|  0%| F|  |TAMS 0x0000000707900000, 0x0000000707900000| Untracked 
| 108|0x0000000707a00000, 0x0000000707a00000, 0x0000000707b00000|  0%| F|  |TAMS 0x0000000707a00000, 0x0000000707a00000| Untracked 
| 109|0x0000000707b00000, 0x0000000707b00000, 0x0000000707c00000|  0%| F|  |TAMS 0x0000000707b00000, 0x0000000707b00000| Untracked 
| 110|0x0000000707c00000, 0x0000000707c00000, 0x0000000707d00000|  0%| F|  |TAMS 0x0000000707c00000, 0x0000000707c00000| Untracked 
| 111|0x0000000707d00000, 0x0000000707d00000, 0x0000000707e00000|  0%| F|  |TAMS 0x0000000707d00000, 0x0000000707d00000| Untracked 
| 112|0x0000000707e00000, 0x0000000707e00000, 0x0000000707f00000|  0%| F|  |TAMS 0x0000000707e00000, 0x0000000707e00000| Untracked 
| 113|0x0000000707f00000, 0x0000000707f00000, 0x0000000708000000|  0%| F|  |TAMS 0x0000000707f00000, 0x0000000707f00000| Untracked 
| 114|0x0000000708000000, 0x0000000708000000, 0x0000000708100000|  0%| F|  |TAMS 0x0000000708000000, 0x0000000708000000| Untracked 
| 115|0x0000000708100000, 0x0000000708100000, 0x0000000708200000|  0%| F|  |TAMS 0x0000000708100000, 0x0000000708100000| Untracked 
| 116|0x0000000708200000, 0x0000000708200000, 0x0000000708300000|  0%| F|  |TAMS 0x0000000708200000, 0x0000000708200000| Untracked 
| 117|0x0000000708300000, 0x0000000708300000, 0x0000000708400000|  0%| F|  |TAMS 0x0000000708300000, 0x0000000708300000| Untracked 
| 118|0x0000000708400000, 0x0000000708400000, 0x0000000708500000|  0%| F|  |TAMS 0x0000000708400000, 0x0000000708400000| Untracked 
| 119|0x0000000708500000, 0x0000000708500000, 0x0000000708600000|  0%| F|  |TAMS 0x0000000708500000, 0x0000000708500000| Untracked 
| 120|0x0000000708600000, 0x0000000708600000, 0x0000000708700000|  0%| F|  |TAMS 0x0000000708600000, 0x0000000708600000| Untracked 
| 121|0x0000000708700000, 0x0000000708700000, 0x0000000708800000|  0%| F|  |TAMS 0x0000000708700000, 0x0000000708700000| Untracked 
| 122|0x0000000708800000, 0x0000000708800000, 0x0000000708900000|  0%| F|  |TAMS 0x0000000708800000, 0x0000000708800000| Untracked 
| 123|0x0000000708900000, 0x0000000708900000, 0x0000000708a00000|  0%| F|  |TAMS 0x0000000708900000, 0x0000000708900000| Untracked 
| 124|0x0000000708a00000, 0x0000000708a00000, 0x0000000708b00000|  0%| F|  |TAMS 0x0000000708a00000, 0x0000000708a00000| Untracked 
| 125|0x0000000708b00000, 0x0000000708b00000, 0x0000000708c00000|  0%| F|  |TAMS 0x0000000708b00000, 0x0000000708b00000| Untracked 
| 126|0x0000000708c00000, 0x0000000708c00000, 0x0000000708d00000|  0%| F|  |TAMS 0x0000000708c00000, 0x0000000708c00000| Untracked 
| 127|0x0000000708d00000, 0x0000000708d00000, 0x0000000708e00000|  0%| F|  |TAMS 0x0000000708d00000, 0x0000000708d00000| Untracked 
| 128|0x0000000708e00000, 0x0000000708e00000, 0x0000000708f00000|  0%| F|  |TAMS 0x0000000708e00000, 0x0000000708e00000| Untracked 
| 129|0x0000000708f00000, 0x0000000708f00000, 0x0000000709000000|  0%| F|  |TAMS 0x0000000708f00000, 0x0000000708f00000| Untracked 
| 130|0x0000000709000000, 0x0000000709000000, 0x0000000709100000|  0%| F|  |TAMS 0x0000000709000000, 0x0000000709000000| Untracked 
| 131|0x0000000709100000, 0x0000000709100000, 0x0000000709200000|  0%| F|  |TAMS 0x0000000709100000, 0x0000000709100000| Untracked 
| 132|0x0000000709200000, 0x0000000709200000, 0x0000000709300000|  0%| F|  |TAMS 0x0000000709200000, 0x0000000709200000| Untracked 
| 133|0x0000000709300000, 0x0000000709300000, 0x0000000709400000|  0%| F|  |TAMS 0x0000000709300000, 0x0000000709300000| Untracked 
| 134|0x0000000709400000, 0x0000000709400000, 0x0000000709500000|  0%| F|  |TAMS 0x0000000709400000, 0x0000000709400000| Untracked 
| 135|0x0000000709500000, 0x0000000709500000, 0x0000000709600000|  0%| F|  |TAMS 0x0000000709500000, 0x0000000709500000| Untracked 
| 136|0x0000000709600000, 0x0000000709600000, 0x0000000709700000|  0%| F|  |TAMS 0x0000000709600000, 0x0000000709600000| Untracked 
| 137|0x0000000709700000, 0x0000000709700000, 0x0000000709800000|  0%| F|  |TAMS 0x0000000709700000, 0x0000000709700000| Untracked 
| 138|0x0000000709800000, 0x0000000709800000, 0x0000000709900000|  0%| F|  |TAMS 0x0000000709800000, 0x0000000709800000| Untracked 
| 139|0x0000000709900000, 0x0000000709900000, 0x0000000709a00000|  0%| F|  |TAMS 0x0000000709900000, 0x0000000709900000| Untracked 
| 140|0x0000000709a00000, 0x0000000709a00000, 0x0000000709b00000|  0%| F|  |TAMS 0x0000000709a00000, 0x0000000709a00000| Untracked 
| 141|0x0000000709b00000, 0x0000000709b00000, 0x0000000709c00000|  0%| F|  |TAMS 0x0000000709b00000, 0x0000000709b00000| Untracked 
| 142|0x0000000709c00000, 0x0000000709c00000, 0x0000000709d00000|  0%| F|  |TAMS 0x0000000709c00000, 0x0000000709c00000| Untracked 
| 143|0x0000000709d00000, 0x0000000709d00000, 0x0000000709e00000|  0%| F|  |TAMS 0x0000000709d00000, 0x0000000709d00000| Untracked 
| 144|0x0000000709e00000, 0x0000000709e00000, 0x0000000709f00000|  0%| F|  |TAMS 0x0000000709e00000, 0x0000000709e00000| Untracked 
| 145|0x0000000709f00000, 0x0000000709f00000, 0x000000070a000000|  0%| F|  |TAMS 0x0000000709f00000, 0x0000000709f00000| Untracked 
| 146|0x000000070a000000, 0x000000070a000000, 0x000000070a100000|  0%| F|  |TAMS 0x000000070a000000, 0x000000070a000000| Untracked 
| 147|0x000000070a100000, 0x000000070a100000, 0x000000070a200000|  0%| F|  |TAMS 0x000000070a100000, 0x000000070a100000| Untracked 
| 148|0x000000070a200000, 0x000000070a200000, 0x000000070a300000|  0%| F|  |TAMS 0x000000070a200000, 0x000000070a200000| Untracked 
| 149|0x000000070a300000, 0x000000070a300000, 0x000000070a400000|  0%| F|  |TAMS 0x000000070a300000, 0x000000070a300000| Untracked 
| 150|0x000000070a400000, 0x000000070a400000, 0x000000070a500000|  0%| F|  |TAMS 0x000000070a400000, 0x000000070a400000| Untracked 
| 151|0x000000070a500000, 0x000000070a500000, 0x000000070a600000|  0%| F|  |TAMS 0x000000070a500000, 0x000000070a500000| Untracked 
| 152|0x000000070a600000, 0x000000070a600000, 0x000000070a700000|  0%| F|  |TAMS 0x000000070a600000, 0x000000070a600000| Untracked 
| 153|0x000000070a700000, 0x000000070a700000, 0x000000070a800000|  0%| F|  |TAMS 0x000000070a700000, 0x000000070a700000| Untracked 
| 154|0x000000070a800000, 0x000000070a800000, 0x000000070a900000|  0%| F|  |TAMS 0x000000070a800000, 0x000000070a800000| Untracked 
| 155|0x000000070a900000, 0x000000070a900000, 0x000000070aa00000|  0%| F|  |TAMS 0x000000070a900000, 0x000000070a900000| Untracked 
| 156|0x000000070aa00000, 0x000000070aa00000, 0x000000070ab00000|  0%| F|  |TAMS 0x000000070aa00000, 0x000000070aa00000| Untracked 
| 157|0x000000070ab00000, 0x000000070ab00000, 0x000000070ac00000|  0%| F|  |TAMS 0x000000070ab00000, 0x000000070ab00000| Untracked 
| 158|0x000000070ac00000, 0x000000070ac00000, 0x000000070ad00000|  0%| F|  |TAMS 0x000000070ac00000, 0x000000070ac00000| Untracked 
| 159|0x000000070ad00000, 0x000000070ad00000, 0x000000070ae00000|  0%| F|  |TAMS 0x000000070ad00000, 0x000000070ad00000| Untracked 
| 160|0x000000070ae00000, 0x000000070ae00000, 0x000000070af00000|  0%| F|  |TAMS 0x000000070ae00000, 0x000000070ae00000| Untracked 
| 161|0x000000070af00000, 0x000000070af00000, 0x000000070b000000|  0%| F|  |TAMS 0x000000070af00000, 0x000000070af00000| Untracked 
| 162|0x000000070b000000, 0x000000070b000000, 0x000000070b100000|  0%| F|  |TAMS 0x000000070b000000, 0x000000070b000000| Untracked 
| 163|0x000000070b100000, 0x000000070b100000, 0x000000070b200000|  0%| F|  |TAMS 0x000000070b100000, 0x000000070b100000| Untracked 
| 164|0x000000070b200000, 0x000000070b200000, 0x000000070b300000|  0%| F|  |TAMS 0x000000070b200000, 0x000000070b200000| Untracked 
| 165|0x000000070b300000, 0x000000070b300000, 0x000000070b400000|  0%| F|  |TAMS 0x000000070b300000, 0x000000070b300000| Untracked 
| 166|0x000000070b400000, 0x000000070b400000, 0x000000070b500000|  0%| F|  |TAMS 0x000000070b400000, 0x000000070b400000| Untracked 
| 167|0x000000070b500000, 0x000000070b500000, 0x000000070b600000|  0%| F|  |TAMS 0x000000070b500000, 0x000000070b500000| Untracked 
| 168|0x000000070b600000, 0x000000070b600000, 0x000000070b700000|  0%| F|  |TAMS 0x000000070b600000, 0x000000070b600000| Untracked 
| 169|0x000000070b700000, 0x000000070b700000, 0x000000070b800000|  0%| F|  |TAMS 0x000000070b700000, 0x000000070b700000| Untracked 
| 170|0x000000070b800000, 0x000000070b800000, 0x000000070b900000|  0%| F|  |TAMS 0x000000070b800000, 0x000000070b800000| Untracked 
| 171|0x000000070b900000, 0x000000070b900000, 0x000000070ba00000|  0%| F|  |TAMS 0x000000070b900000, 0x000000070b900000| Untracked 
| 172|0x000000070ba00000, 0x000000070ba00000, 0x000000070bb00000|  0%| F|  |TAMS 0x000000070ba00000, 0x000000070ba00000| Untracked 
| 173|0x000000070bb00000, 0x000000070bb00000, 0x000000070bc00000|  0%| F|  |TAMS 0x000000070bb00000, 0x000000070bb00000| Untracked 
| 174|0x000000070bc00000, 0x000000070bc00000, 0x000000070bd00000|  0%| F|  |TAMS 0x000000070bc00000, 0x000000070bc00000| Untracked 
| 175|0x000000070bd00000, 0x000000070bd00000, 0x000000070be00000|  0%| F|  |TAMS 0x000000070bd00000, 0x000000070bd00000| Untracked 
| 176|0x000000070be00000, 0x000000070be00000, 0x000000070bf00000|  0%| F|  |TAMS 0x000000070be00000, 0x000000070be00000| Untracked 
| 177|0x000000070bf00000, 0x000000070bf00000, 0x000000070c000000|  0%| F|  |TAMS 0x000000070bf00000, 0x000000070bf00000| Untracked 
| 178|0x000000070c000000, 0x000000070c000000, 0x000000070c100000|  0%| F|  |TAMS 0x000000070c000000, 0x000000070c000000| Untracked 
| 179|0x000000070c100000, 0x000000070c100000, 0x000000070c200000|  0%| F|  |TAMS 0x000000070c100000, 0x000000070c100000| Untracked 
| 180|0x000000070c200000, 0x000000070c200000, 0x000000070c300000|  0%| F|  |TAMS 0x000000070c200000, 0x000000070c200000| Untracked 
| 181|0x000000070c300000, 0x000000070c300000, 0x000000070c400000|  0%| F|  |TAMS 0x000000070c300000, 0x000000070c300000| Untracked 
| 182|0x000000070c400000, 0x000000070c400000, 0x000000070c500000|  0%| F|  |TAMS 0x000000070c400000, 0x000000070c400000| Untracked 
| 183|0x000000070c500000, 0x000000070c500000, 0x000000070c600000|  0%| F|  |TAMS 0x000000070c500000, 0x000000070c500000| Untracked 
| 184|0x000000070c600000, 0x000000070c600000, 0x000000070c700000|  0%| F|  |TAMS 0x000000070c600000, 0x000000070c600000| Untracked 
| 185|0x000000070c700000, 0x000000070c700000, 0x000000070c800000|  0%| F|  |TAMS 0x000000070c700000, 0x000000070c700000| Untracked 
| 186|0x000000070c800000, 0x000000070c800000, 0x000000070c900000|  0%| F|  |TAMS 0x000000070c800000, 0x000000070c800000| Untracked 
| 187|0x000000070c900000, 0x000000070c900000, 0x000000070ca00000|  0%| F|  |TAMS 0x000000070c900000, 0x000000070c900000| Untracked 
| 188|0x000000070ca00000, 0x000000070ca00000, 0x000000070cb00000|  0%| F|  |TAMS 0x000000070ca00000, 0x000000070ca00000| Untracked 
| 189|0x000000070cb00000, 0x000000070cb00000, 0x000000070cc00000|  0%| F|  |TAMS 0x000000070cb00000, 0x000000070cb00000| Untracked 
| 190|0x000000070cc00000, 0x000000070cc00000, 0x000000070cd00000|  0%| F|  |TAMS 0x000000070cc00000, 0x000000070cc00000| Untracked 
| 191|0x000000070cd00000, 0x000000070cd00000, 0x000000070ce00000|  0%| F|  |TAMS 0x000000070cd00000, 0x000000070cd00000| Untracked 
| 192|0x000000070ce00000, 0x000000070ce00000, 0x000000070cf00000|  0%| F|  |TAMS 0x000000070ce00000, 0x000000070ce00000| Untracked 
| 193|0x000000070cf00000, 0x000000070cf00000, 0x000000070d000000|  0%| F|  |TAMS 0x000000070cf00000, 0x000000070cf00000| Untracked 
| 194|0x000000070d000000, 0x000000070d000000, 0x000000070d100000|  0%| F|  |TAMS 0x000000070d000000, 0x000000070d000000| Untracked 
| 195|0x000000070d100000, 0x000000070d100000, 0x000000070d200000|  0%| F|  |TAMS 0x000000070d100000, 0x000000070d100000| Untracked 
| 196|0x000000070d200000, 0x000000070d200000, 0x000000070d300000|  0%| F|  |TAMS 0x000000070d200000, 0x000000070d200000| Untracked 
| 197|0x000000070d300000, 0x000000070d300000, 0x000000070d400000|  0%| F|  |TAMS 0x000000070d300000, 0x000000070d300000| Untracked 
| 198|0x000000070d400000, 0x000000070d400000, 0x000000070d500000|  0%| F|  |TAMS 0x000000070d400000, 0x000000070d400000| Untracked 
| 199|0x000000070d500000, 0x000000070d500000, 0x000000070d600000|  0%| F|  |TAMS 0x000000070d500000, 0x000000070d500000| Untracked 
| 200|0x000000070d600000, 0x000000070d600000, 0x000000070d700000|  0%| F|  |TAMS 0x000000070d600000, 0x000000070d600000| Untracked 
| 201|0x000000070d700000, 0x000000070d700000, 0x000000070d800000|  0%| F|  |TAMS 0x000000070d700000, 0x000000070d700000| Untracked 
| 202|0x000000070d800000, 0x000000070d900000, 0x000000070d900000|100%| E|  |TAMS 0x000000070d800000, 0x000000070d800000| Complete 
| 203|0x000000070d900000, 0x000000070da00000, 0x000000070da00000|100%| E|CS|TAMS 0x000000070d900000, 0x000000070d900000| Complete 
| 204|0x000000070da00000, 0x000000070db00000, 0x000000070db00000|100%| E|CS|TAMS 0x000000070da00000, 0x000000070da00000| Complete 
| 205|0x000000070db00000, 0x000000070dc00000, 0x000000070dc00000|100%| E|CS|TAMS 0x000000070db00000, 0x000000070db00000| Complete 
| 206|0x000000070dc00000, 0x000000070dd00000, 0x000000070dd00000|100%| E|CS|TAMS 0x000000070dc00000, 0x000000070dc00000| Complete 
| 207|0x000000070dd00000, 0x000000070de00000, 0x000000070de00000|100%| E|CS|TAMS 0x000000070dd00000, 0x000000070dd00000| Complete 
| 208|0x000000070de00000, 0x000000070df00000, 0x000000070df00000|100%| E|CS|TAMS 0x000000070de00000, 0x000000070de00000| Complete 
| 209|0x000000070df00000, 0x000000070e000000, 0x000000070e000000|100%| E|  |TAMS 0x000000070df00000, 0x000000070df00000| Complete 
| 210|0x000000070e000000, 0x000000070e100000, 0x000000070e100000|100%| E|CS|TAMS 0x000000070e000000, 0x000000070e000000| Complete 
| 211|0x000000070e100000, 0x000000070e200000, 0x000000070e200000|100%| E|CS|TAMS 0x000000070e100000, 0x000000070e100000| Complete 
| 212|0x000000070e200000, 0x000000070e300000, 0x000000070e300000|100%| E|CS|TAMS 0x000000070e200000, 0x000000070e200000| Complete 
| 213|0x000000070e300000, 0x000000070e400000, 0x000000070e400000|100%| E|CS|TAMS 0x000000070e300000, 0x000000070e300000| Complete 
| 214|0x000000070e400000, 0x000000070e41aba0, 0x000000070e500000| 10%| S|CS|TAMS 0x000000070e400000, 0x000000070e400000| Complete 
| 215|0x000000070e500000, 0x000000070e600000, 0x000000070e600000|100%| S|CS|TAMS 0x000000070e500000, 0x000000070e500000| Complete 
| 216|0x000000070e600000, 0x000000070e700000, 0x000000070e700000|100%| S|CS|TAMS 0x000000070e600000, 0x000000070e600000| Complete 
| 217|0x000000070e700000, 0x000000070e800000, 0x000000070e800000|100%| S|CS|TAMS 0x000000070e700000, 0x000000070e700000| Complete 
| 218|0x000000070e800000, 0x000000070e900000, 0x000000070e900000|100%| E|CS|TAMS 0x000000070e800000, 0x000000070e800000| Complete 
| 219|0x000000070e900000, 0x000000070ea00000, 0x000000070ea00000|100%| E|CS|TAMS 0x000000070e900000, 0x000000070e900000| Complete 
| 220|0x000000070ea00000, 0x000000070eb00000, 0x000000070eb00000|100%| E|CS|TAMS 0x000000070ea00000, 0x000000070ea00000| Complete 
| 221|0x000000070eb00000, 0x000000070ec00000, 0x000000070ec00000|100%| E|CS|TAMS 0x000000070eb00000, 0x000000070eb00000| Complete 
| 222|0x000000070ec00000, 0x000000070ed00000, 0x000000070ed00000|100%| E|CS|TAMS 0x000000070ec00000, 0x000000070ec00000| Complete 
| 223|0x000000070ed00000, 0x000000070ee00000, 0x000000070ee00000|100%| E|CS|TAMS 0x000000070ed00000, 0x000000070ed00000| Complete 
| 224|0x000000070ee00000, 0x000000070ef00000, 0x000000070ef00000|100%| E|CS|TAMS 0x000000070ee00000, 0x000000070ee00000| Complete 
| 225|0x000000070ef00000, 0x000000070f000000, 0x000000070f000000|100%| E|CS|TAMS 0x000000070ef00000, 0x000000070ef00000| Complete 
| 226|0x000000070f000000, 0x000000070f100000, 0x000000070f100000|100%| E|CS|TAMS 0x000000070f000000, 0x000000070f000000| Complete 
| 227|0x000000070f100000, 0x000000070f200000, 0x000000070f200000|100%| E|CS|TAMS 0x000000070f100000, 0x000000070f100000| Complete 
| 228|0x000000070f200000, 0x000000070f300000, 0x000000070f300000|100%| E|CS|TAMS 0x000000070f200000, 0x000000070f200000| Complete 
| 229|0x000000070f300000, 0x000000070f400000, 0x000000070f400000|100%| E|CS|TAMS 0x000000070f300000, 0x000000070f300000| Complete 
| 230|0x000000070f400000, 0x000000070f500000, 0x000000070f500000|100%| E|CS|TAMS 0x000000070f400000, 0x000000070f400000| Complete 
| 231|0x000000070f500000, 0x000000070f600000, 0x000000070f600000|100%| E|CS|TAMS 0x000000070f500000, 0x000000070f500000| Complete 
| 232|0x000000070f600000, 0x000000070f700000, 0x000000070f700000|100%| E|CS|TAMS 0x000000070f600000, 0x000000070f600000| Complete 
| 233|0x000000070f700000, 0x000000070f800000, 0x000000070f800000|100%| E|CS|TAMS 0x000000070f700000, 0x000000070f700000| Complete 
| 234|0x000000070f800000, 0x000000070f900000, 0x000000070f900000|100%| E|CS|TAMS 0x000000070f800000, 0x000000070f800000| Complete 
| 235|0x000000070f900000, 0x000000070fa00000, 0x000000070fa00000|100%| E|CS|TAMS 0x000000070f900000, 0x000000070f900000| Complete 
| 236|0x000000070fa00000, 0x000000070fb00000, 0x000000070fb00000|100%| E|CS|TAMS 0x000000070fa00000, 0x000000070fa00000| Complete 
| 237|0x000000070fb00000, 0x000000070fc00000, 0x000000070fc00000|100%| E|CS|TAMS 0x000000070fb00000, 0x000000070fb00000| Complete 
| 238|0x000000070fc00000, 0x000000070fd00000, 0x000000070fd00000|100%| E|CS|TAMS 0x000000070fc00000, 0x000000070fc00000| Complete 
| 239|0x000000070fd00000, 0x000000070fe00000, 0x000000070fe00000|100%| E|CS|TAMS 0x000000070fd00000, 0x000000070fd00000| Complete 
| 240|0x000000070fe00000, 0x000000070ff00000, 0x000000070ff00000|100%| E|CS|TAMS 0x000000070fe00000, 0x000000070fe00000| Complete 
| 241|0x000000070ff00000, 0x0000000710000000, 0x0000000710000000|100%| E|CS|TAMS 0x000000070ff00000, 0x000000070ff00000| Complete 
| 242|0x0000000710000000, 0x0000000710100000, 0x0000000710100000|100%| E|CS|TAMS 0x0000000710000000, 0x0000000710000000| Complete 
| 243|0x0000000710100000, 0x0000000710200000, 0x0000000710200000|100%| E|CS|TAMS 0x0000000710100000, 0x0000000710100000| Complete 
| 244|0x0000000710200000, 0x0000000710300000, 0x0000000710300000|100%| E|CS|TAMS 0x0000000710200000, 0x0000000710200000| Complete 
| 245|0x0000000710300000, 0x0000000710400000, 0x0000000710400000|100%| E|CS|TAMS 0x0000000710300000, 0x0000000710300000| Complete 
| 246|0x0000000710400000, 0x0000000710500000, 0x0000000710500000|100%| E|CS|TAMS 0x0000000710400000, 0x0000000710400000| Complete 
| 247|0x0000000710500000, 0x0000000710600000, 0x0000000710600000|100%| E|CS|TAMS 0x0000000710500000, 0x0000000710500000| Complete 
| 248|0x0000000710600000, 0x0000000710700000, 0x0000000710700000|100%| E|CS|TAMS 0x0000000710600000, 0x0000000710600000| Complete 
| 249|0x0000000710700000, 0x0000000710800000, 0x0000000710800000|100%| E|CS|TAMS 0x0000000710700000, 0x0000000710700000| Complete 
| 250|0x0000000710800000, 0x0000000710900000, 0x0000000710900000|100%| E|CS|TAMS 0x0000000710800000, 0x0000000710800000| Complete 
| 251|0x0000000710900000, 0x0000000710a00000, 0x0000000710a00000|100%| E|CS|TAMS 0x0000000710900000, 0x0000000710900000| Complete 
| 252|0x0000000710a00000, 0x0000000710b00000, 0x0000000710b00000|100%| E|CS|TAMS 0x0000000710a00000, 0x0000000710a00000| Complete 
| 253|0x0000000710b00000, 0x0000000710c00000, 0x0000000710c00000|100%| E|CS|TAMS 0x0000000710b00000, 0x0000000710b00000| Complete 
| 254|0x0000000710c00000, 0x0000000710d00000, 0x0000000710d00000|100%| E|CS|TAMS 0x0000000710c00000, 0x0000000710c00000| Complete 
| 255|0x0000000710d00000, 0x0000000710e00000, 0x0000000710e00000|100%| E|CS|TAMS 0x0000000710d00000, 0x0000000710d00000| Complete 

Card table byte_map: [0x000002064d770000,0x000002064df70000] _byte_map_base: 0x0000020649f69000

Marking Bits (Prev, Next): (CMBitMap*) 0x00000206337ce030, (CMBitMap*) 0x00000206337cdff8
 Prev Bits: [0x0000020652740000, 0x0000020656708000)
 Next Bits: [0x000002064e770000, 0x0000020652738000)

Polling page: 0x0000020635010000

Metaspace:

Usage:
  Non-class:     29.28 MB capacity,    28.77 MB ( 98%) used,   419.39 KB (  1%) free+waste,   105.88 KB ( <1%) overhead. 
      Class:      4.11 MB capacity,     3.74 MB ( 91%) used,   332.23 KB (  8%) free+waste,    50.38 KB (  1%) overhead. 
       Both:     33.39 MB capacity,    32.50 MB ( 97%) used,   751.63 KB (  2%) free+waste,   156.25 KB ( <1%) overhead. 

Virtual space:
  Non-class space:       30.00 MB reserved,      29.50 MB ( 98%) committed 
      Class space:        1.00 GB reserved,       4.13 MB ( <1%) committed 
             Both:        1.03 GB reserved,      33.63 MB (  3%) committed 

Chunk freelists:
   Non-Class:  4.38 KB
       Class:  2.00 KB
        Both:  6.38 KB

CodeHeap 'non-profiled nmethods': size=120000Kb used=1593Kb max_used=1593Kb free=118406Kb
 bounds [0x0000020645710000, 0x0000020645980000, 0x000002064cc40000]
CodeHeap 'profiled nmethods': size=120000Kb used=7178Kb max_used=7178Kb free=112821Kb
 bounds [0x000002063e1e0000, 0x000002063e8f0000, 0x0000020645710000]
CodeHeap 'non-nmethods': size=5760Kb used=1146Kb max_used=1193Kb free=4613Kb
 bounds [0x000002063dc40000, 0x000002063deb0000, 0x000002063e1e0000]
 total_blobs=3533 nmethods=3072 adapters=372
 compilation: enabled
              stopped_count=0, restarted_count=0
 full_count=0

Compilation events (10 events):
Event: 5.681 Thread 0x0000020659bde000 3240       3       java.lang.invoke.InnerClassLambdaMetafactory::generateConstructor (151 bytes)
Event: 5.682 Thread 0x0000020659bde000 nmethod 3240 0x000002063e8d3c90 code [0x000002063e8d3f60, 0x000002063e8d4cd0]
Event: 5.682 Thread 0x0000020659bde000 3235       3       java.lang.invoke.AbstractValidatingLambdaMetafactory::isAdaptableToAsReturn (36 bytes)
Event: 5.682 Thread 0x0000020659bde000 nmethod 3235 0x000002063e8d5290 code [0x000002063e8d5460, 0x000002063e8d5970]
Event: 5.682 Thread 0x0000020659bde000 3237       3       java.lang.invoke.AbstractValidatingLambdaMetafactory::isAdaptableToAsReturnStrict (34 bytes)
Event: 5.683 Thread 0x0000020659bde000 nmethod 3237 0x000002063e8d5a90 code [0x000002063e8d5c60, 0x000002063e8d6270]
Event: 5.683 Thread 0x0000020659bde000 3238   !   3       java.lang.invoke.InnerClassLambdaMetafactory::buildCallSite (168 bytes)
Event: 5.685 Thread 0x0000020659bde000 nmethod 3238 0x000002063e8d6410 code [0x000002063e8d68e0, 0x000002063e8d8bd0]
Event: 5.685 Thread 0x0000020659bde000 3241       3       java.lang.invoke.InnerClassLambdaMetafactory$ForwardingMethodGenerator::<init> (11 bytes)
Event: 5.685 Thread 0x0000020659bde000 nmethod 3241 0x000002063e8d9b10 code [0x000002063e8d9cc0, 0x000002063e8d9f30]

GC Heap History (6 events):
Event: 1.411 GC heap before
{Heap before GC invocations=0 (full 0):
 garbage-first heap   total 262144K, used 23552K [0x0000000700e00000, 0x0000000800000000)
  region size 1024K, 24 young (24576K), 0 survivors (0K)
 Metaspace       used 13737K, capacity 14042K, committed 14336K, reserved 1062912K
  class space    used 1389K, capacity 1477K, committed 1536K, reserved 1048576K
}
Event: 1.420 GC heap after
{Heap after GC invocations=1 (full 0):
 garbage-first heap   total 262144K, used 4943K [0x0000000700e00000, 0x0000000800000000)
  region size 1024K, 3 young (3072K), 3 survivors (3072K)
 Metaspace       used 13737K, capacity 14042K, committed 14336K, reserved 1062912K
  class space    used 1389K, capacity 1477K, committed 1536K, reserved 1048576K
}
Event: 2.195 GC heap before
{Heap before GC invocations=1 (full 0):
 garbage-first heap   total 262144K, used 31567K [0x0000000700e00000, 0x0000000800000000)
  region size 1024K, 30 young (30720K), 3 survivors (3072K)
 Metaspace       used 20558K, capacity 21076K, committed 21248K, reserved 1069056K
  class space    used 2237K, capacity 2444K, committed 2560K, reserved 1048576K
}
Event: 2.200 GC heap after
{Heap after GC invocations=2 (full 0):
 garbage-first heap   total 262144K, used 6416K [0x0000000700e00000, 0x0000000800000000)
  region size 1024K, 5 young (5120K), 5 survivors (5120K)
 Metaspace       used 20558K, capacity 21076K, committed 21248K, reserved 1069056K
  class space    used 2237K, capacity 2444K, committed 2560K, reserved 1048576K
}
Event: 3.470 GC heap before
{Heap before GC invocations=3 (full 0):
 garbage-first heap   total 262144K, used 39184K [0x0000000700e00000, 0x0000000800000000)
  region size 1024K, 38 young (38912K), 5 survivors (5120K)
 Metaspace       used 25002K, capacity 25679K, committed 25856K, reserved 1073152K
  class space    used 2811K, capacity 3037K, committed 3072K, reserved 1048576K
}
Event: 3.477 GC heap after
{Heap after GC invocations=4 (full 0):
 garbage-first heap   total 262144K, used 8044K [0x0000000700e00000, 0x0000000800000000)
  region size 1024K, 4 young (4096K), 4 survivors (4096K)
 Metaspace       used 25002K, capacity 25679K, committed 25856K, reserved 1073152K
  class space    used 2811K, capacity 3037K, committed 3072K, reserved 1048576K
}

Deoptimization events (10 events):
Event: 4.758 Thread 0x000002063582e000 Uncommon trap: reason=unstable_if action=reinterpret pc=0x00000206457d869c method=java.util.Properties.loadConvert([CIILjava/lang/StringBuilder;)Ljava/lang/String; @ 26 c2
Event: 5.178 Thread 0x000002063582e000 Uncommon trap: reason=unstable_if action=reinterpret pc=0x00000206457e6918 method=jdk.internal.jimage.ImageLocation.verify(Ljava/lang/String;Ljava/lang/String;[JLjdk/internal/jimage/ImageStrings;)Z @ 18 c2
Event: 5.301 Thread 0x000002063582e000 Uncommon trap: reason=unstable_if action=reinterpret pc=0x000002064587f838 method=java.util.Properties.loadConvert([CIILjava/lang/StringBuilder;)Ljava/lang/String; @ 130 c2
Event: 5.379 Thread 0x000002063582e000 Uncommon trap: reason=unstable_if action=reinterpret pc=0x0000020645889f4c method=java.util.Properties$LineReader.readLine()I @ 249 c2
Event: 5.401 Thread 0x000002063582e000 Uncommon trap: reason=unstable_if action=reinterpret pc=0x00000206457ebb84 method=jdk.internal.jimage.ImageLocation.verify(Ljava/lang/String;Ljava/lang/String;[JLjdk/internal/jimage/ImageStrings;)Z @ 18 c2
Event: 5.492 Thread 0x000002063582e000 Uncommon trap: reason=speculate_class_check action=maybe_recompile pc=0x0000020645815648 method=java.util.zip.InflaterInputStream.read([BII)I @ 100 c2
Event: 5.495 Thread 0x000002063582e000 Uncommon trap: reason=speculate_class_check action=maybe_recompile pc=0x0000020645815648 method=java.util.zip.InflaterInputStream.read([BII)I @ 100 c2
Event: 5.495 Thread 0x000002063582e000 Uncommon trap: reason=speculate_class_check action=maybe_recompile pc=0x0000020645815648 method=java.util.zip.InflaterInputStream.read([BII)I @ 100 c2
Event: 5.495 Thread 0x000002063582e000 Uncommon trap: reason=speculate_class_check action=maybe_recompile pc=0x0000020645815648 method=java.util.zip.InflaterInputStream.read([BII)I @ 100 c2
Event: 5.684 Thread 0x000002063582e000 Uncommon trap: reason=profile_predicate action=maybe_recompile pc=0x0000020645899674 method=java.lang.PublicMethods$MethodList.filter([Ljava/lang/reflect/Method;Ljava/lang/String;[Ljava/lang/Class;Z)Ljava/lang/PublicMethods$MethodList; @ 21 c2

Classes redefined (0 events):
No events

Internal exceptions (10 events):
Event: 4.455 Thread 0x000002063582e000 Exception <a 'java/lang/NoSuchMethodError'{0x000000070f9afe48}: java.lang.invoke.DirectMethodHandle$Holder.invokeSpecial(Ljava/lang/Object;Ljava/lang/Object;Ljava/lang/Object;Ljava/lang/Object;Ljava/lang/Object;)I> (0x000000070f9afe48) thrown at [./open/s
Event: 4.514 Thread 0x000002063582e000 Implicit null exception at 0x000002064583efe7 to 0x000002064583f262
Event: 4.590 Thread 0x000002063582e000 Exception <a 'java/lang/NoSuchMethodError'{0x000000070f678d50}: java.lang.invoke.DirectMethodHandle$Holder.invokeInterface(Ljava/lang/Object;Ljava/lang/Object;I)V> (0x000000070f678d50) thrown at [./open/src/hotspot/share/interpreter/linkResolver.cpp, line
Event: 4.594 Thread 0x000002063582e000 Exception <a 'java/lang/NoSuchMethodError'{0x000000070f6913d0}: java.lang.invoke.DirectMethodHandle$Holder.invokeVirtual(Ljava/lang/Object;Ljava/lang/Object;)I> (0x000000070f6913d0) thrown at [./open/src/hotspot/share/interpreter/linkResolver.cpp, line 77
Event: 4.602 Thread 0x000002063582e000 Exception <a 'java/lang/IncompatibleClassChangeError'{0x000000070f6c7600}: Found class java.lang.Object, but interface was expected> (0x000000070f6c7600) thrown at [./open/src/hotspot/share/interpreter/linkResolver.cpp, line 838]
Event: 4.603 Thread 0x000002063582e000 Exception <a 'java/lang/NoSuchMethodError'{0x000000070f6cc4a0}: java.lang.invoke.DirectMethodHandle$Holder.invokeStatic(Ljava/lang/Object;ILjava/lang/Object;)V> (0x000000070f6cc4a0) thrown at [./open/src/hotspot/share/interpreter/linkResolver.cpp, line 77
Event: 4.786 Thread 0x000002063582e000 Exception <a 'java/lang/NoSuchMethodError'{0x000000070f134f08}: java.lang.invoke.DirectMethodHandle$Holder.invokeStaticInit(Ljava/lang/Object;IIII)Ljava/lang/Object;> (0x000000070f134f08) thrown at [./open/src/hotspot/share/interpreter/linkResolver.cpp, l
Event: 5.120 Thread 0x000002063582e000 Exception <a 'java/lang/NoSuchMethodError'{0x000000070f1f59f8}: java.lang.invoke.DirectMethodHandle$Holder.invokeStaticInit(Ljava/lang/Object;Ljava/lang/Object;IIII)Ljava/lang/Object;> (0x000000070f1f59f8) thrown at [./open/src/hotspot/share/interpreter/l
Event: 5.599 Thread 0x000002063582e000 Exception <a 'java/io/FileNotFoundException'{0x000000070ddb2900}> (0x000000070ddb2900) thrown at [./open/src/hotspot/share/prims/jni.cpp, line 611]
Event: 5.634 Thread 0x000002063582e000 Exception <a 'java/lang/NoSuchMethodError'{0x000000070dcf4f48}: java.lang.invoke.DirectMethodHandle$Holder.invokeInterface(Ljava/lang/Object;Ljava/lang/Object;Ljava/lang/Object;Ljava/lang/Object;)I> (0x000000070dcf4f48) thrown at [./open/src/hotspot/share

Events (10 events):
Event: 5.683 loading class org/apache/tomcat/util/descriptor/web/LocalStrings_zh_Hant_TW done
Event: 5.683 loading class org/apache/catalina/core/ApplicationFilterRegistration
Event: 5.683 loading class org/apache/catalina/core/ApplicationFilterRegistration done
Event: 5.684 Thread 0x000002063582e000 Uncommon trap: trap_request=0xffffffbe fr.pc=0x0000020645899674 relative=0x0000000000000834
Event: 5.684 Thread 0x000002063582e000 DEOPT PACKING pc=0x0000020645899674 sp=0x00000027c39fdc30
Event: 5.684 Thread 0x000002063582e000 DEOPT UNPACKING pc=0x000002063dc6912f sp=0x00000027c39fdbe8 mode 2
Event: 5.685 loading class org/apache/tomcat/websocket/server/WsServerContainer
Event: 5.685 loading class org/apache/tomcat/websocket/server/WsServerContainer done
Event: 5.686 loading class org/apache/tomcat/websocket/WsWebSocketContainer
Event: 5.686 loading class org/apache/tomcat/websocket/WsWebSocketContainer done


Dynamic libraries:
0x00007ff63b780000 - 0x00007ff63b78f000 	C:\Program Files\Java\jdk-11.0.8\bin\javaw.exe
0x00007ff82ddd0000 - 0x00007ff82dfc5000 	C:\Windows\SYSTEM32\ntdll.dll
0x00007ff82c150000 - 0x00007ff82c20d000 	C:\Windows\System32\KERNEL32.DLL
0x00007ff82b950000 - 0x00007ff82bc19000 	C:\Windows\System32\KERNELBASE.dll
0x00007ff82b7c0000 - 0x00007ff82b8c0000 	C:\Windows\System32\ucrtbase.dll
0x00007ff8115c0000 - 0x00007ff8115d8000 	C:\Program Files\Java\jdk-11.0.8\bin\jli.dll
0x00007ff82c8f0000 - 0x00007ff82c99c000 	C:\Windows\System32\ADVAPI32.dll
0x00007ff82ca80000 - 0x00007ff82cb1e000 	C:\Windows\System32\msvcrt.dll
0x00007ff82cbb0000 - 0x00007ff82cc4c000 	C:\Windows\System32\sechost.dll
0x00007ff82c740000 - 0x00007ff82c86b000 	C:\Windows\System32\RPCRT4.dll
0x00007ff82dab0000 - 0x00007ff82dc50000 	C:\Windows\System32\USER32.dll
0x00007ff82b8c0000 - 0x00007ff82b8e2000 	C:\Windows\System32\win32u.dll
0x00007ff82d4e0000 - 0x00007ff82d50a000 	C:\Windows\System32\GDI32.dll
0x00007ff82b560000 - 0x00007ff82b66b000 	C:\Windows\System32\gdi32full.dll
0x00007ff82b670000 - 0x00007ff82b70d000 	C:\Windows\System32\msvcp_win.dll
0x00007ff812350000 - 0x00007ff812365000 	C:\Program Files\Java\jdk-11.0.8\bin\VCRUNTIME140.dll
0x00007ff81deb0000 - 0x00007ff81e14a000 	C:\Windows\WinSxS\amd64_microsoft.windows.common-controls_6595b64144ccf1df_6.0.19041.844_none_ca00b6081b84eb1d\COMCTL32.dll
0x00007ff824e00000 - 0x00007ff824e0a000 	C:\Windows\SYSTEM32\VERSION.dll
0x00007ff82c110000 - 0x00007ff82c140000 	C:\Windows\System32\IMM32.DLL
0x00007ff8055f0000 - 0x00007ff80568b000 	C:\Program Files\Java\jdk-11.0.8\bin\msvcp140.dll
0x00007fffd13f0000 - 0x00007fffd1ed6000 	C:\Program Files\Java\jdk-11.0.8\bin\server\jvm.dll
0x00007ff82dcb0000 - 0x00007ff82dcb8000 	C:\Windows\System32\PSAPI.DLL
0x00007ff812460000 - 0x00007ff812469000 	C:\Windows\SYSTEM32\WSOCK32.dll
0x00007ff82dcc0000 - 0x00007ff82dd2b000 	C:\Windows\System32\WS2_32.dll
0x00007ff8215e0000 - 0x00007ff821607000 	C:\Windows\SYSTEM32\WINMM.dll
0x00007ff829490000 - 0x00007ff8294a2000 	C:\Windows\SYSTEM32\kernel.appcore.dll
0x00007ff812390000 - 0x00007ff8123a0000 	C:\Program Files\Java\jdk-11.0.8\bin\verify.dll
0x00007ff81f1a0000 - 0x00007ff81f384000 	C:\Windows\SYSTEM32\DBGHELP.DLL
0x00007ff81eee0000 - 0x00007ff81ef0c000 	C:\Windows\SYSTEM32\dbgcore.DLL
0x00007ff82bdb0000 - 0x00007ff82be30000 	C:\Windows\System32\bcryptPrimitives.dll
0x00007ff80aa60000 - 0x00007ff80aa88000 	C:\Program Files\Java\jdk-11.0.8\bin\java.dll
0x00007ff8115b0000 - 0x00007ff8115ba000 	C:\Program Files\Java\jdk-11.0.8\bin\jimage.dll
0x00007ff805ea0000 - 0x00007ff805eb6000 	C:\Program Files\Java\jdk-11.0.8\bin\zip.dll
0x00007ff82cd70000 - 0x00007ff82d4b2000 	C:\Windows\System32\SHELL32.dll
0x00007ff829690000 - 0x00007ff829e20000 	C:\Windows\SYSTEM32\windows.storage.dll
0x00007ff82d750000 - 0x00007ff82daa5000 	C:\Windows\System32\combase.dll
0x00007ff82aeb0000 - 0x00007ff82aedc000 	C:\Windows\SYSTEM32\Wldp.dll
0x00007ff82d570000 - 0x00007ff82d61e000 	C:\Windows\System32\SHCORE.dll
0x00007ff82d510000 - 0x00007ff82d565000 	C:\Windows\System32\shlwapi.dll
0x00007ff82b450000 - 0x00007ff82b46f000 	C:\Windows\SYSTEM32\profapi.dll
0x00007ff805e60000 - 0x00007ff805e79000 	C:\Program Files\Java\jdk-11.0.8\bin\net.dll
0x00007ff826580000 - 0x00007ff82668c000 	C:\Windows\SYSTEM32\WINHTTP.dll
0x00007ff82ac30000 - 0x00007ff82ac9a000 	C:\Windows\system32\mswsock.dll
0x00007ff805e40000 - 0x00007ff805e52000 	C:\Program Files\Java\jdk-11.0.8\bin\nio.dll
0x00007ff828de0000 - 0x00007ff828de9000 	C:\Program Files\Java\jdk-11.0.8\bin\management.dll
0x00007ff828dd0000 - 0x00007ff828ddb000 	C:\Program Files\Java\jdk-11.0.8\bin\management_ext.dll
0x00007ff81d4c0000 - 0x00007ff81d4d7000 	C:\Windows\system32\napinsp.dll
0x00007ff81d4a0000 - 0x00007ff81d4bb000 	C:\Windows\system32\pnrpnsp.dll
0x00007ff81d480000 - 0x00007ff81d495000 	C:\Windows\system32\wshbth.dll
0x00007ff827000000 - 0x00007ff82701d000 	C:\Windows\system32\NLAapi.dll
0x00007ff82a920000 - 0x00007ff82a95b000 	C:\Windows\SYSTEM32\IPHLPAPI.DLL
0x00007ff82a960000 - 0x00007ff82aa2b000 	C:\Windows\SYSTEM32\DNSAPI.dll
0x00007ff82c140000 - 0x00007ff82c148000 	C:\Windows\System32\NSI.dll
0x00007ff81d460000 - 0x00007ff81d472000 	C:\Windows\System32\winrnr.dll
0x00007ff81c000000 - 0x00007ff81c00a000 	C:\Windows\System32\rasadhlp.dll
0x00007ff81bd60000 - 0x00007ff81bddf000 	C:\Windows\System32\fwpuclnt.dll
0x00007ff82bd80000 - 0x00007ff82bda7000 	C:\Windows\System32\bcrypt.dll
0x00007ff82ae00000 - 0x00007ff82ae18000 	C:\Windows\SYSTEM32\CRYPTSP.dll
0x00007ff82a5d0000 - 0x00007ff82a604000 	C:\Windows\system32\rsaenh.dll
0x00007ff82b410000 - 0x00007ff82b43e000 	C:\Windows\SYSTEM32\USERENV.dll
0x00007ff82ae20000 - 0x00007ff82ae2c000 	C:\Windows\SYSTEM32\CRYPTBASE.dll
0x00007ff824f50000 - 0x00007ff824f67000 	C:\Windows\SYSTEM32\dhcpcsvc6.DLL
0x00007ff824f30000 - 0x00007ff824f4d000 	C:\Windows\SYSTEM32\dhcpcsvc.DLL

dbghelp: loaded successfully - version: 4.0.5 - missing functions: none
symbol engine: initialized successfully - sym options: 0x614 - pdb path: .;C:\Program Files\Java\jdk-11.0.8\bin;C:\Windows\SYSTEM32;C:\Windows\WinSxS\amd64_microsoft.windows.common-controls_6595b64144ccf1df_6.0.19041.844_none_ca00b6081b84eb1d;C:\Program Files\Java\jdk-11.0.8\bin\server

VM Arguments:
jvm_args: -Dfile.encoding=UTF-8 
java_command: cn.tedu.shopping.ShoppingApplication
java_class_path (initial): C:\Users\a0938\Desktop\shoppingProject\shopping\target\classes;D:\eclipse\plugins\org.junit_4.12.0.v201504281640\junit.jar;D:\eclipse\plugins\org.hamcrest.core_1.3.0.v20180420-1519.jar;C:\Users\a0938\.m2\repository\org\springframework\boot\spring-boot-starter-web\2.4.0\spring-boot-starter-web-2.4.0.jar;C:\Users\a0938\.m2\repository\org\springframework\boot\spring-boot-starter\2.4.0\spring-boot-starter-2.4.0.jar;C:\Users\a0938\.m2\repository\org\springframework\boot\spring-boot\2.4.0\spring-boot-2.4.0.jar;C:\Users\a0938\.m2\repository\org\springframework\boot\spring-boot-autoconfigure\2.4.0\spring-boot-autoconfigure-2.4.0.jar;C:\Users\a0938\.m2\repository\org\springframework\boot\spring-boot-starter-logging\2.4.0\spring-boot-starter-logging-2.4.0.jar;C:\Users\a0938\.m2\repository\ch\qos\logback\logback-classic\1.2.3\logback-classic-1.2.3.jar;C:\Users\a0938\.m2\repository\ch\qos\logback\logback-core\1.2.3\logback-core-1.2.3.jar;C:\Users\a0938\.m2\repository\org\apache\logging\log4j\log4j-to-slf4j\2.13.3\log4j-to-slf4j-2.13.3.jar;C:\Users\a0938\.m2\repository\org\apache\logging\log4j\log4j-api\2.13.3\log4j-api-2.13.3.jar;C:\Users\a0938\.m2\repository\org\slf4j\jul-to-slf4j\1.7.30\jul-to-slf4j-1.7.30.jar;C:\Users\a0938\.m2\repository\org\yaml\snakeyaml\1.27\snakeyaml-1.27.jar;C:\Users\a0938\.m2\repository\org\springframework\boot\spring-boot-starter-json\2.4.0\spring-boot-starter-json-2.4.0.jar;C:\Users\a0938\.m2\repository\com\fasterxml\jackson\core\jackson-databind\2.11.3\jackson-databind-2.11.3.jar;C:\Users\a0938\.m2\repository\com\fasterxml\jackson\core\jackson-annotations\2.11.3\jackson-annotations-2.11.3.jar;C:\Users\a0938\.m2\repository\com\fasterxml\jackson\core\jackson-core\2.11.3\jackson-core-2.11.3.jar;C:\Users\a0938\.m2\repository\com\fasterxml\jackson\datatype\jackson-datatype-jdk8\2.11.3\jackson-datatype-jdk8-2.11.3.jar;C:\Users\a0938\.m2\repository\com\fasterxml\jackson\datatype\jackson-datatype-jsr310\2.11.3\jackson-datatype-
Launcher Type: SUN_STANDARD

[Global flags]
     intx CICompilerCount                          = 4                                         {product} {ergonomic}
     uint ConcGCThreads                            = 2                                         {product} {ergonomic}
     uint G1ConcRefinementThreads                  = 8                                         {product} {ergonomic}
   size_t G1HeapRegionSize                         = 1048576                                   {product} {ergonomic}
    uintx GCDrainStackTargetSize                   = 64                                        {product} {ergonomic}
   size_t InitialHeapSize                          = 268435456                                 {product} {ergonomic}
   size_t MarkStackSize                            = 4194304                                   {product} {ergonomic}
   size_t MaxHeapSize                              = 4280287232                                {product} {ergonomic}
   size_t MaxNewSize                               = 2567962624                                {product} {ergonomic}
   size_t MinHeapDeltaBytes                        = 1048576                                   {product} {ergonomic}
    uintx NonNMethodCodeHeapSize                   = 5836300                                {pd product} {ergonomic}
    uintx NonProfiledCodeHeapSize                  = 122910970                              {pd product} {ergonomic}
    uintx ProfiledCodeHeapSize                     = 122910970                              {pd product} {ergonomic}
    uintx ReservedCodeCacheSize                    = 251658240                              {pd product} {ergonomic}
     bool SegmentedCodeCache                       = true                                      {product} {ergonomic}
     bool UseCompressedClassPointers               = true                                 {lp64_product} {ergonomic}
     bool UseCompressedOops                        = true                                 {lp64_product} {ergonomic}
     bool UseG1GC                                  = true                                      {product} {ergonomic}
     bool UseLargePagesIndividualAllocation        = false                                  {pd product} {ergonomic}

Logging:
Log output configuration:
 #0: stdout all=warning uptime,level,tags
 #1: stderr all=off uptime,level,tags

Environment Variables:
JAVA_HOME=C:\Program Files\Java\jdk-11.0.8
CLASSPATH=.
PATH=C:\Program Files\Common Files\Oracle\Java\javapath;C:\Windows\system32;C:\Windows;C:\Windows\System32\Wbem;C:\Windows\System32\WindowsPowerShell\v1.0\;C:\Windows\System32\OpenSSH\;C:\Program Files (x86)\NVIDIA Corporation\PhysX\Common;C:\Program Files\NVIDIA Corporation\NVIDIA NvDLISR;C:\Program Files\nodejs\;C:\Program Files\Java\jdk-11.0.8;C:\ProgramData\Microsoft\Windows\Start Menu\Programs\MariaDB 5.5 (x64);C:\Users\a0938\AppData\Local\Microsoft\WindowsApps;C:\Users\a0938\AppData\Roaming\npm;
USERNAME=louis
OS=Windows_NT
PROCESSOR_IDENTIFIER=Intel64 Family 6 Model 58 Stepping 9, GenuineIntel



---------------  S Y S T E M  ---------------

OS: Windows 10 , 64 bit Build 19041 (10.0.19041.804)

CPU:total 8 (initial active 8) (4 cores per cpu, 2 threads per core) family 6 model 58 stepping 9, cmov, cx8, fxsr, mmx, sse, sse2, sse3, ssse3, sse4.1, sse4.2, popcnt, avx, aes, clmul, erms, ht, tsc, tscinvbit, tscinv

Memory: 4k page, system-wide physical 16326M (4801M free)
TotalPageFile size 21702M (AvailPageFile size 2946M)
current process WorkingSet (physical memory assigned to process): 166M, peak: 168M
current process commit charge ("private bytes"): 406M, peak: 421M

vm_info: Java HotSpot(TM) 64-Bit Server VM (11.0.8+10-LTS) for windows-amd64 JRE (11.0.8+10-LTS), built on Jun 16 2020 05:53:08 by "mach5one" with unknown MS VC++:1916

END.
